<?xml version="1.0" encoding="UTF-8"?>
<!-- Generated by org.testng.reporters.JUnitReportReporter -->
<testsuite hostname="SPatel1" name="com.CodingRound.Selenium.TC_PriceComparison" tests="2" failures="0" timestamp="6 Feb 2020 09:12:23 GMT" time="10.895" errors="0">
  <testcase name="getAmazonPrice" time="6.944" classname="com.CodingRound.Selenium.TC_PriceComparison"/>
  <testcase name="getFilpkartPrice" time="3.951" classname="com.CodingRound.Selenium.TC_PriceComparison"/>
</testsuite> <!-- com.CodingRound.Selenium.TC_PriceComparison -->
